{"/Users/katieklein/Desktop/practiceProjects/react/dnd-management/src/services/firestore/read.ts": {"path":"/Users/katieklein/Desktop/practiceProjects/react/dnd-management/src/services/firestore/read.ts","statementMap":{"0":{"start":{"line":2,"column":0},"end":{"line":2,"column":71}},"1":{"start":{"line":4,"column":33},"end":{"line":11,"column":1}},"2":{"start":{"line":5,"column":18},"end":{"line":5,"column":39}},"3":{"start":{"line":6,"column":18},"end":{"line":6,"column":20}},"4":{"start":{"line":7,"column":2},"end":{"line":9,"column":3}},"5":{"start":{"line":8,"column":4},"end":{"line":8,"column":50}},"6":{"start":{"line":10,"column":2},"end":{"line":10,"column":17}},"7":{"start":{"line":4,"column":13},"end":{"line":4,"column":33}},"8":{"start":{"line":13,"column":24},"end":{"line":23,"column":null}},"9":{"start":{"line":13,"column":153},"end":{"line":23,"column":null}},"10":{"start":{"line":14,"column":23},"end":{"line":14,"column":95}},"11":{"start":{"line":15,"column":2},"end":{"line":15,"column":28}},"12":{"start":{"line":16,"column":30},"end":{"line":16,"column":57}},"13":{"start":{"line":17,"column":31},"end":{"line":17,"column":33}},"14":{"start":{"line":18,"column":2},"end":{"line":21,"column":5}},"15":{"start":{"line":19,"column":6},"end":{"line":19,"column":26}},"16":{"start":{"line":20,"column":6},"end":{"line":20,"column":28}},"17":{"start":{"line":22,"column":2},"end":{"line":22,"column":14}},"18":{"start":{"line":13,"column":13},"end":{"line":13,"column":24}},"19":{"start":{"line":25,"column":30},"end":{"line":36,"column":null}},"20":{"start":{"line":25,"column":157},"end":{"line":36,"column":null}},"21":{"start":{"line":26,"column":22},"end":{"line":26,"column":69}},"22":{"start":{"line":27,"column":2},"end":{"line":29,"column":3}},"23":{"start":{"line":28,"column":4},"end":{"line":28,"column":72}},"24":{"start":{"line":31,"column":2},"end":{"line":33,"column":3}},"25":{"start":{"line":32,"column":4},"end":{"line":32,"column":93}},"26":{"start":{"line":35,"column":2},"end":{"line":35,"column":24}},"27":{"start":{"line":25,"column":13},"end":{"line":25,"column":30}}},"fnMap":{"0":{"name":"(anonymous_7)","decl":{"start":{"line":4,"column":33},"end":{"line":4,"column":34}},"loc":{"start":{"line":4,"column":86},"end":{"line":11,"column":1}}},"1":{"name":"(anonymous_8)","decl":{"start":{"line":13,"column":24},"end":{"line":13,"column":31}},"loc":{"start":{"line":13,"column":153},"end":{"line":23,"column":null}}},"2":{"name":"(anonymous_9)","decl":{"start":{"line":13,"column":153},"end":{"line":13,"column":null}},"loc":{"start":{"line":13,"column":153},"end":{"line":23,"column":1}}},"3":{"name":"(anonymous_10)","decl":{"start":{"line":18,"column":30},"end":{"line":18,"column":31}},"loc":{"start":{"line":18,"column":38},"end":{"line":21,"column":3}}},"4":{"name":"(anonymous_11)","decl":{"start":{"line":25,"column":30},"end":{"line":25,"column":37}},"loc":{"start":{"line":25,"column":157},"end":{"line":36,"column":null}}},"5":{"name":"(anonymous_12)","decl":{"start":{"line":25,"column":157},"end":{"line":25,"column":null}},"loc":{"start":{"line":25,"column":157},"end":{"line":36,"column":1}}}},"branchMap":{"0":{"loc":{"start":{"line":27,"column":2},"end":{"line":29,"column":3}},"type":"if","locations":[{"start":{"line":27,"column":2},"end":{"line":29,"column":3}}]},"1":{"loc":{"start":{"line":31,"column":2},"end":{"line":33,"column":3}},"type":"if","locations":[{"start":{"line":31,"column":2},"end":{"line":33,"column":3}}]}},"s":{"0":1,"1":1,"2":2,"3":2,"4":2,"5":3,"6":2,"7":1,"8":1,"9":0,"10":0,"11":0,"12":0,"13":0,"14":0,"15":0,"16":0,"17":0,"18":1,"19":1,"20":0,"21":0,"22":0,"23":0,"24":0,"25":0,"26":0,"27":1},"f":{"0":2,"1":0,"2":0,"3":0,"4":0,"5":0},"b":{"0":[0],"1":[0]}}
}
