TN:
SF:src/services/firestore/read.ts
FN:4,(anonymous_7)
FN:13,(anonymous_8)
FN:13,(anonymous_9)
FN:18,(anonymous_10)
FN:25,(anonymous_11)
FN:25,(anonymous_12)
FNF:6
FNH:1
FNDA:2,(anonymous_7)
FNDA:0,(anonymous_8)
FNDA:0,(anonymous_9)
FNDA:0,(anonymous_10)
FNDA:0,(anonymous_11)
FNDA:0,(anonymous_12)
DA:2,1
DA:4,1
DA:5,2
DA:6,2
DA:7,2
DA:8,3
DA:10,2
DA:13,1
DA:14,0
DA:15,0
DA:16,0
DA:17,0
DA:18,0
DA:19,0
DA:20,0
DA:22,0
DA:25,1
DA:26,0
DA:27,0
DA:28,0
DA:31,0
DA:32,0
DA:35,0
LF:23
LH:9
BRDA:27,0,0,0
BRDA:31,1,0,0
BRF:2
BRH:0
end_of_record
